c:\users\ヨウ\desktop\授業\ge2\後半\課題1\project1\x64\debug\vc142.pdb
c:\users\ヨウ\desktop\授業\ge2\後半\課題1\project1\x64\debug\vc142.idb
c:\users\ヨウ\desktop\授業\ge2\後半\課題1\project1\x64\debug\scenemng.obj
c:\users\ヨウ\desktop\授業\ge2\後半\課題1\project1\x64\debug\main.obj
c:\users\ヨウ\desktop\授業\ge2\後半\課題1\project1\x64\debug\basescene.obj
c:\users\ヨウ\desktop\授業\ge2\後半\課題1\project1\x64\debug\network.obj
c:\users\ヨウ\desktop\授業\ge2\後半\課題1\project1\x64\debug\titlescene.obj
c:\users\ヨウ\desktop\授業\ge2\後半\課題1\project1\x64\debug\networkstate.obj
c:\users\ヨウ\desktop\授業\ge2\後半\課題1\project1\x64\debug\hoststate.obj
c:\users\ヨウ\desktop\授業\ge2\後半\課題1\project1\x64\debug\geststate.obj
c:\users\ヨウ\desktop\授業\ge2\後半\課題1\project1\x64\debug\_debugdispout.obj
c:\users\ヨウ\desktop\授業\ge2\後半\課題1\project1\x64\debug\_debugconout.obj
c:\users\justi\desktop\課題1\project1\x64\debug\vc142.pdb
c:\users\justi\desktop\課題1\project1\x64\debug\vc142.idb
c:\users\justi\desktop\課題1\project1\x64\debug\_debugconout.obj
c:\users\justi\desktop\課題1\project1\x64\debug\_debugdispout.obj
c:\users\ヨウ\desktop\授業\ge2\後半\課題1\project1\x64\debug\project1.exe
c:\users\ヨウ\desktop\授業\ge2\後半\課題1\project1\x64\debug\project1.ilk
c:\users\ヨウ\desktop\授業\ge2\後半\課題1\project1\x64\debug\project1.pdb
c:\users\justi\desktop\課題1\project1\x64\debug\basescene.obj
c:\users\justi\desktop\課題1\project1\x64\debug\geststate.obj
c:\users\justi\desktop\課題1\project1\x64\debug\hoststate.obj
c:\users\justi\desktop\課題1\project1\x64\debug\main.obj
c:\users\justi\desktop\課題1\project1\x64\debug\network.obj
c:\users\justi\desktop\課題1\project1\x64\debug\networkstate.obj
c:\users\justi\desktop\課題1\project1\x64\debug\scenemng.obj
c:\users\justi\desktop\課題1\project1\x64\debug\titlescene.obj
c:\users\justi\desktop\課題1\project1\x64\debug\project1.ilk
c:\users\justi\desktop\課題1\project1\x64\debug\project1.pdb
c:\users\justi\desktop\課題1\project1\x64\debug\project1.exe
c:\users\justi\desktop\課題1\project1\x64\debug\project1.tlog\cl.command.1.tlog
c:\users\justi\desktop\課題1\project1\x64\debug\project1.tlog\cl.read.1.tlog
c:\users\justi\desktop\課題1\project1\x64\debug\project1.tlog\cl.write.1.tlog
c:\users\justi\desktop\課題1\project1\x64\debug\project1.tlog\link.command.1.tlog
c:\users\justi\desktop\課題1\project1\x64\debug\project1.tlog\link.read.1.tlog
c:\users\justi\desktop\課題1\project1\x64\debug\project1.tlog\link.write.1.tlog
